<?xml version="1.0" encoding="UTF-8"?>
<!-- Generated by org.testng.reporters.JUnitReportReporter -->
<testsuite hostname="DESKTOP-OHLHFSO" failures="0" tests="2" name="testcases.TC014_SearchPageBreadCrumbTest" time="23.100" errors="0" timestamp="2025-08-28T21:27:58 IST" skipped="0">
  <testcase classname="testcases.TC014_SearchPageBreadCrumbTest" name="validatebreadcrumb" time="11.197"/>
  <testcase classname="testcases.TC014_SearchPageBreadCrumbTest" name="validatebreadcrumb" time="11.903"/>
</testsuite> <!-- testcases.TC014_SearchPageBreadCrumbTest -->
