<?xml version="1.0" encoding="UTF-8"?>
<!-- Generated by org.testng.reporters.JUnitReportReporter -->
<testsuite hostname="DESKTOP-OHLHFSO" failures="0" tests="1" name="testcases.TC005_SearchAfterlogin" time="3.579" errors="0" timestamp="2025-08-26T10:50:28 IST" skipped="0">
  <testcase classname="testcases.TC005_SearchAfterlogin" name="loginsearch" time="3.579"/>
</testsuite> <!-- testcases.TC005_SearchAfterlogin -->
