<?xml version="1.0" encoding="UTF-8"?>
<!-- Generated by org.testng.reporters.JUnitReportReporter -->
<testsuite hostname="DESKTOP-OHLHFSO" failures="0" tests="1" name="testcases.TC007_SearchUsingDescription" time="1.263" errors="0" timestamp="2025-08-26T20:18:46 IST" skipped="0">
  <testcase classname="testcases.TC007_SearchUsingDescription" name="descriptionsearch" time="1.263"/>
</testsuite> <!-- testcases.TC007_SearchUsingDescription -->
