<?xml version="1.0" encoding="UTF-8"?>
<!-- Generated by org.testng.reporters.JUnitReportReporter -->
<testsuite hostname="DESKTOP-OHLHFSO" failures="0" tests="3" name="testcases.TC004_SearchTextTest" time="2.874" errors="0" timestamp="2025-08-26T09:42:12 IST" skipped="0">
  <testcase classname="testcases.TC004_SearchTextTest" name="validatesearchtext" time="1.193"/>
  <testcase classname="testcases.TC004_SearchTextTest" name="validatesearchtext" time="0.768"/>
  <testcase classname="testcases.TC004_SearchTextTest" name="validatesearchtext" time="0.913"/>
</testsuite> <!-- testcases.TC004_SearchTextTest -->
