<?xml version="1.0" encoding="UTF-8"?>
<!-- Generated by org.testng.reporters.JUnitReportReporter -->
<testsuite hostname="DESKTOP-OHLHFSO" failures="0" tests="1" name="testcases.TC008_SearchSubCategory" time="3.863" errors="0" timestamp="2025-08-26T21:12:19 IST" skipped="0">
  <testcase classname="testcases.TC008_SearchSubCategory" name="categorysearch" time="3.863"/>
</testsuite> <!-- testcases.TC008_SearchSubCategory -->
