<?xml version="1.0" encoding="UTF-8"?>
<!-- Generated by org.testng.reporters.JUnitReportReporter -->
<testsuite hostname="DESKTOP-OHLHFSO" failures="0" tests="1" name="testcases.TC013_SearchPageFromSiteMap" time="10.833" errors="0" timestamp="2025-08-28T18:56:34 IST" skipped="0">
  <testcase classname="testcases.TC013_SearchPageFromSiteMap" name="sitemaptosearch" time="10.833"/>
</testsuite> <!-- testcases.TC013_SearchPageFromSiteMap -->
