<?xml version="1.0" encoding="UTF-8"?>
<!-- Generated by org.testng.reporters.JUnitReportReporter -->
<testsuite hostname="DESKTOP-OHLHFSO" failures="0" tests="1" name="testcases.TC009_SearchViewTest" time="3.705" errors="0" timestamp="2025-08-27T12:50:25 IST" skipped="0">
  <testcase classname="testcases.TC009_SearchViewTest" name="validateview" time="3.705"/>
</testsuite> <!-- testcases.TC009_SearchViewTest -->
