<?xml version="1.0" encoding="UTF-8"?>
<!-- Generated by org.testng.reporters.JUnitReportReporter -->
<testsuite hostname="DESKTOP-OHLHFSO" failures="0" tests="1" name="testcases.TC012_SearchBoxVisbilityInAllPages" time="11.712" errors="0" timestamp="2025-08-28T18:36:55 IST" skipped="0">
  <testcase classname="testcases.TC012_SearchBoxVisbilityInAllPages" name="searchboxvalidation" time="11.712"/>
</testsuite> <!-- testcases.TC012_SearchBoxVisbilityInAllPages -->
