<?xml version="1.0" encoding="UTF-8"?>
<!-- Generated by org.testng.reporters.JUnitReportReporter -->
<testsuite hostname="DESKTOP-OHLHFSO" failures="0" tests="1" name="testcases.TC010_SearchToProductCompareLinkTest" time="1.431" errors="0" timestamp="2025-08-27T13:09:56 IST" skipped="0">
  <testcase classname="testcases.TC010_SearchToProductCompareLinkTest" name="validateproductcomparelink" time="1.431"/>
</testsuite> <!-- testcases.TC010_SearchToProductCompareLinkTest -->
