<?xml version="1.0" encoding="UTF-8"?>
<!-- Generated by org.testng.reporters.JUnitReportReporter -->
<testsuite hostname="DESKTOP-OHLHFSO" failures="0" tests="1" name="testcases.TC006_SearchCategory" time="2.812" errors="0" timestamp="2025-08-26T21:07:15 IST" skipped="0">
  <testcase classname="testcases.TC006_SearchCategory" name="categorysearch" time="2.812"/>
</testsuite> <!-- testcases.TC006_SearchCategory -->
