<?xml version="1.0" encoding="UTF-8"?>
<!-- Generated by org.testng.reporters.JUnitReportReporter -->
<testsuite hostname="DESKTOP-OHLHFSO" failures="0" tests="1" name="testcases.TC015_ProductComparisonAddingTest" time="13.362" errors="0" timestamp="2025-08-28T21:48:20 IST" skipped="0">
  <testcase classname="testcases.TC015_ProductComparisonAddingTest" name="validateproductcompareaddition" time="13.362"/>
</testsuite> <!-- testcases.TC015_ProductComparisonAddingTest -->
