<?xml version="1.0" encoding="UTF-8"?>
<!-- Generated by org.testng.reporters.JUnitReportReporter -->
<testsuite hostname="DESKTOP-OHLHFSO" failures="0" tests="2" name="testcases.TC001_RegisterAccountTest" time="8.144" errors="0" timestamp="2025-08-22T20:46:09 IST" skipped="0">
  <testcase classname="testcases.TC001_RegisterAccountTest" name="RegisterAccountValidation" time="4.316"/>
  <testcase classname="testcases.TC001_RegisterAccountTest" name="RegisterAccountValidation" time="3.828"/>
</testsuite> <!-- testcases.TC001_RegisterAccountTest -->
