<?xml version="1.0" encoding="UTF-8"?>
<!-- Generated by org.testng.reporters.JUnitReportReporter -->
<testsuite hostname="DESKTOP-OHLHFSO" failures="0" tests="1" name="testcases.TC002_LoginTest" time="2.877" errors="0" timestamp="2025-08-23T11:26:42 IST" skipped="0">
  <testcase classname="testcases.TC002_LoginTest" name="validatinglogin" time="2.877"/>
</testsuite> <!-- testcases.TC002_LoginTest -->
